<?xml version="1.0" encoding="UTF-8"?>
<testng-results ignored="0" total="9" passed="9" failed="0" skipped="0">
  <reporter-output>
  </reporter-output>
  <suite started-at="2025-02-21T22:59:00 IST" name="Test Suite for Buildout" finished-at="2025-02-21T22:59:14 IST" duration-ms="14680">
    <groups>
    </groups>
    <test started-at="2025-02-21T22:59:00 IST" name="Test Cases for Buildout" finished-at="2025-02-21T22:59:14 IST" duration-ms="14680">
      <class name="TestCases">
        <test-method is-config="true" signature="startBrowser()[pri:0, instance:TestCases@6531a794]" started-at="2025-02-21T22:59:00 IST" name="startBrowser" finished-at="2025-02-21T22:59:03 IST" duration-ms="2945" status="PASS">
          <reporter-output>
          </reporter-output>
        </test-method> <!-- startBrowser -->
        <test-method signature="testCase01()[pri:0, instance:TestCases@6531a794]" started-at="2025-02-21T22:59:03 IST" name="testCase01" finished-at="2025-02-21T22:59:07 IST" duration-ms="4891" status="PASS">
          <reporter-output>
          </reporter-output>
        </test-method> <!-- testCase01 -->
        <test-method signature="testCase02()[pri:0, instance:TestCases@6531a794]" started-at="2025-02-21T22:59:07 IST" name="testCase02" finished-at="2025-02-21T22:59:09 IST" duration-ms="1281" status="PASS">
          <reporter-output>
          </reporter-output>
        </test-method> <!-- testCase02 -->
        <test-method signature="testCase03()[pri:0, instance:TestCases@6531a794]" started-at="2025-02-21T22:59:09 IST" name="testCase03" finished-at="2025-02-21T22:59:09 IST" duration-ms="497" status="PASS">
          <reporter-output>
          </reporter-output>
        </test-method> <!-- testCase03 -->
        <test-method signature="testCase04()[pri:0, instance:TestCases@6531a794]" started-at="2025-02-21T22:59:09 IST" name="testCase04" finished-at="2025-02-21T22:59:09 IST" duration-ms="250" status="PASS">
          <reporter-output>
          </reporter-output>
        </test-method> <!-- testCase04 -->
        <test-method signature="testCase05()[pri:0, instance:TestCases@6531a794]" started-at="2025-02-21T22:59:10 IST" name="testCase05" finished-at="2025-02-21T22:59:10 IST" duration-ms="442" status="PASS">
          <reporter-output>
          </reporter-output>
        </test-method> <!-- testCase05 -->
        <test-method signature="testCase06()[pri:0, instance:TestCases@6531a794]" started-at="2025-02-21T22:59:10 IST" name="testCase06" finished-at="2025-02-21T22:59:12 IST" duration-ms="1876" status="PASS">
          <reporter-output>
          </reporter-output>
        </test-method> <!-- testCase06 -->
        <test-method signature="testCase07()[pri:0, instance:TestCases@6531a794]" started-at="2025-02-21T22:59:12 IST" name="testCase07" finished-at="2025-02-21T22:59:12 IST" duration-ms="244" status="PASS">
          <reporter-output>
          </reporter-output>
        </test-method> <!-- testCase07 -->
        <test-method signature="testCase08()[pri:0, instance:TestCases@6531a794]" started-at="2025-02-21T22:59:12 IST" name="testCase08" finished-at="2025-02-21T22:59:14 IST" duration-ms="1471" status="PASS">
          <reporter-output>
          </reporter-output>
        </test-method> <!-- testCase08 -->
        <test-method signature="testCase09()[pri:0, instance:TestCases@6531a794]" started-at="2025-02-21T22:59:14 IST" name="testCase09" finished-at="2025-02-21T22:59:14 IST" duration-ms="64" status="PASS">
          <reporter-output>
          </reporter-output>
        </test-method> <!-- testCase09 -->
        <test-method is-config="true" signature="endTest()[pri:0, instance:TestCases@6531a794]" started-at="2025-02-21T22:59:14 IST" name="endTest" finished-at="2025-02-21T22:59:14 IST" duration-ms="348" status="PASS">
          <reporter-output>
          </reporter-output>
        </test-method> <!-- endTest -->
      </class> <!-- TestCases -->
    </test> <!-- Test Cases for Buildout -->
  </suite> <!-- Test Suite for Buildout -->
</testng-results>
