<?xml version="1.0" encoding="UTF-8"?>
<testng-results total="9" passed="9" failed="0" skipped="0">
  <reporter-output>
  </reporter-output>
  <suite started-at="2024-08-16T07:53:36Z" name="Test Suite for Buildout" finished-at="2024-08-16T07:53:47Z" duration-ms="11488">
    <groups>
    </groups>
    <test started-at="2024-08-16T07:53:36Z" name="Test Cases for Buildout" finished-at="2024-08-16T07:53:47Z" duration-ms="11488">
      <class name="demo.TestCases">
        <test-method is-config="true" signature="startBrowser()[pri:0, instance:demo.TestCases@5443d039]" started-at="2024-08-16T13:23:36Z" name="startBrowser" finished-at="2024-08-16T13:23:37Z" duration-ms="1812" status="PASS">
          <reporter-output>
          </reporter-output>
        </test-method> <!-- startBrowser -->
        <test-method signature="testCase01()[pri:0, instance:demo.TestCases@5443d039]" started-at="2024-08-16T13:23:37Z" name="testCase01" finished-at="2024-08-16T13:23:38Z" duration-ms="967" status="PASS">
          <reporter-output>
          </reporter-output>
        </test-method> <!-- testCase01 -->
        <test-method signature="testCase02()[pri:0, instance:demo.TestCases@5443d039]" started-at="2024-08-16T13:23:38Z" name="testCase02" finished-at="2024-08-16T13:23:41Z" duration-ms="2489" status="PASS">
          <reporter-output>
          </reporter-output>
        </test-method> <!-- testCase02 -->
        <test-method signature="testCase03()[pri:0, instance:demo.TestCases@5443d039]" started-at="2024-08-16T13:23:41Z" name="testCase03" finished-at="2024-08-16T13:23:41Z" duration-ms="413" status="PASS">
          <reporter-output>
          </reporter-output>
        </test-method> <!-- testCase03 -->
        <test-method signature="testCase04()[pri:0, instance:demo.TestCases@5443d039]" started-at="2024-08-16T13:23:41Z" name="testCase04" finished-at="2024-08-16T13:23:41Z" duration-ms="101" status="PASS">
          <reporter-output>
          </reporter-output>
        </test-method> <!-- testCase04 -->
        <test-method signature="testCase05()[pri:0, instance:demo.TestCases@5443d039]" started-at="2024-08-16T13:23:41Z" name="testCase05" finished-at="2024-08-16T13:23:42Z" duration-ms="267" status="PASS">
          <reporter-output>
          </reporter-output>
        </test-method> <!-- testCase05 -->
        <test-method signature="testCase06()[pri:0, instance:demo.TestCases@5443d039]" started-at="2024-08-16T13:23:42Z" name="testCase06" finished-at="2024-08-16T13:23:45Z" duration-ms="3246" status="PASS">
          <reporter-output>
          </reporter-output>
        </test-method> <!-- testCase06 -->
        <test-method signature="testCase07()[pri:0, instance:demo.TestCases@5443d039]" started-at="2024-08-16T13:23:45Z" name="testCase07" finished-at="2024-08-16T13:23:45Z" duration-ms="189" status="PASS">
          <reporter-output>
          </reporter-output>
        </test-method> <!-- testCase07 -->
        <test-method signature="testCase08()[pri:0, instance:demo.TestCases@5443d039]" started-at="2024-08-16T13:23:45Z" name="testCase08" finished-at="2024-08-16T13:23:47Z" duration-ms="1421" status="PASS">
          <reporter-output>
          </reporter-output>
        </test-method> <!-- testCase08 -->
        <test-method signature="testCase09()[pri:0, instance:demo.TestCases@5443d039]" started-at="2024-08-16T13:23:47Z" name="testCase09" finished-at="2024-08-16T13:23:47Z" duration-ms="75" status="PASS">
          <reporter-output>
          </reporter-output>
        </test-method> <!-- testCase09 -->
        <test-method is-config="true" signature="endTest()[pri:0, instance:demo.TestCases@5443d039]" started-at="2024-08-16T13:23:47Z" name="endTest" finished-at="2024-08-16T13:23:47Z" duration-ms="464" status="PASS">
          <reporter-output>
          </reporter-output>
        </test-method> <!-- endTest -->
      </class> <!-- demo.TestCases -->
    </test> <!-- Test Cases for Buildout -->
  </suite> <!-- Test Suite for Buildout -->
</testng-results>
